<?xml version="1.0" encoding="UTF-8"?>
<testng-results skipped="0" failed="0" ignored="0" total="4" passed="4">
  <reporter-output>
  </reporter-output>
  <suite name="Suite" duration-ms="24365" started-at="2020-08-21T14:29:11 IST" finished-at="2020-08-21T14:29:35 IST">
    <groups>
    </groups>
    <test name="Test" duration-ms="24365" started-at="2020-08-21T14:29:11 IST" finished-at="2020-08-21T14:29:35 IST">
      <class name="testScripts.Camper.CamperEnterProductData">
        <test-method status="PASS" signature="initialize()[pri:0, instance:testScripts.Camper.CamperEnterProductData@5e853265]" name="initialize" is-config="true" duration-ms="14" started-at="2020-08-21T14:29:11 IST" finished-at="2020-08-21T14:29:11 IST">
          <reporter-output>
          </reporter-output>
        </test-method> <!-- initialize -->
        <test-method status="PASS" signature="launchBrowser(java.lang.String)[pri:0, instance:testScripts.Camper.CamperEnterProductData@5e853265]" name="launchBrowser" is-config="true" duration-ms="23498" started-at="2020-08-21T14:29:11 IST" finished-at="2020-08-21T14:29:34 IST">
          <params>
            <param index="0">
              <value>
                <![CDATA[Chrome]]>
              </value>
            </param>
          </params>
          <reporter-output>
          </reporter-output>
        </test-method> <!-- launchBrowser -->
        <test-method status="PASS" signature="CamperStartDate()[pri:0, instance:testScripts.Camper.CamperEnterProductData@5e853265]" name="CamperStartDate" duration-ms="404" started-at="2020-08-21T14:29:34 IST" finished-at="2020-08-21T14:29:35 IST">
          <reporter-output>
          </reporter-output>
        </test-method> <!-- CamperStartDate -->
        <test-method status="PASS" signature="CamperInsuranceSum()[pri:1, instance:testScripts.Camper.CamperEnterProductData@5e853265]" name="CamperInsuranceSum" duration-ms="169" started-at="2020-08-21T14:29:35 IST" finished-at="2020-08-21T14:29:35 IST">
          <reporter-output>
          </reporter-output>
        </test-method> <!-- CamperInsuranceSum -->
        <test-method status="PASS" signature="CamperDamageInsurance()[pri:2, instance:testScripts.Camper.CamperEnterProductData@5e853265]" name="CamperDamageInsurance" duration-ms="141" started-at="2020-08-21T14:29:35 IST" finished-at="2020-08-21T14:29:35 IST">
          <reporter-output>
          </reporter-output>
        </test-method> <!-- CamperDamageInsurance -->
        <test-method status="PASS" signature="CamperOptionalProduct()[pri:3, instance:testScripts.Camper.CamperEnterProductData@5e853265]" name="CamperOptionalProduct" duration-ms="99" started-at="2020-08-21T14:29:35 IST" finished-at="2020-08-21T14:29:35 IST">
          <reporter-output>
          </reporter-output>
        </test-method> <!-- CamperOptionalProduct -->
        <test-method status="PASS" signature="tearDown()[pri:0, instance:testScripts.Camper.CamperEnterProductData@5e853265]" name="tearDown" is-config="true" duration-ms="0" started-at="2020-08-21T14:29:35 IST" finished-at="2020-08-21T14:29:35 IST">
          <reporter-output>
          </reporter-output>
        </test-method> <!-- tearDown -->
      </class> <!-- testScripts.Camper.CamperEnterProductData -->
    </test> <!-- Test -->
  </suite> <!-- Suite -->
</testng-results>
