<?xml version="1.0" encoding="UTF-8"?>
<!-- Generated by org.testng.reporters.JUnitXMLReporter -->
<testsuite hostname="DESKTOP-I83D6L5" ignored="0" name="Module 2" tests="6" failures="0" timestamp="2020-08-08T11:47:10 IST" time="0.051" errors="0">
  <testcase name="test1" time="0.006" classname="basicAnnotations.TestNGClass3"/>
  <testcase name="test2" time="0.003" classname="basicAnnotations.TestNGClass3"/>
  <testcase name="test3" time="0.001" classname="basicAnnotations.TestNGClass3"/>
  <testcase name="test1" time="0.004" classname="basicAnnotations.TestNGClass4"/>
  <testcase name="test2" time="0.003" classname="basicAnnotations.TestNGClass4"/>
  <testcase name="test3" time="0.003" classname="basicAnnotations.TestNGClass4"/>
</testsuite> <!-- Module 2 -->
