<?xml version="1.0" encoding="UTF-8"?>
<!-- Generated by org.testng.reporters.JUnitXMLReporter -->
<testsuite hostname="DESKTOP-I83D6L5" ignored="0" name="Module 1" tests="6" failures="0" timestamp="2020-08-08T11:47:10 IST" time="0.088" errors="0">
  <testcase name="test1" time="0.009" classname="basicAnnotations.TestNGClass2"/>
  <testcase name="test2" time="0.003" classname="basicAnnotations.TestNGClass2"/>
  <testcase name="test3" time="0.003" classname="basicAnnotations.TestNGClass2"/>
  <testcase name="test1" time="0.002" classname="basicAnnotations.TestNGFirstClass"/>
  <testcase name="test2" time="0.002" classname="basicAnnotations.TestNGFirstClass"/>
  <testcase name="test3" time="0.002" classname="basicAnnotations.TestNGFirstClass"/>
</testsuite> <!-- Module 1 -->
