<?xml version="1.0" encoding="UTF-8"?>
<!-- Generated by org.testng.reporters.JUnitXMLReporter -->
<testsuite hostname="DESKTOP-I83D6L5" ignored="0" name="Default test" tests="3" failures="0" timestamp="2020-08-08T11:05:26 IST" time="0.08" errors="0">
  <testcase name="test1" time="0.008" classname="basicAnnotations.TestNGFirstClass"/>
  <testcase name="test2" time="0.003" classname="basicAnnotations.TestNGFirstClass"/>
  <testcase name="test3" time="0.003" classname="basicAnnotations.TestNGFirstClass"/>
</testsuite> <!-- Default test -->
